<?xml version="1.0" encoding="UTF-8"?>
<!-- Generated by org.testng.reporters.JUnitReportReporter -->
<testsuite hostname="DESKTOP-MSPM6D0" failures="0" tests="1" name="testCases.TC002_AccoutRegistrationPage" time="1.966" errors="0" timestamp="2025-01-26T15:15:53 IST" skipped="0">
  <testcase classname="testCases.TC002_AccoutRegistrationPage" name="verify_account_registration" time="1.966"/>
</testsuite> <!-- testCases.TC002_AccoutRegistrationPage -->
