<?xml version="1.0" encoding="UTF-8"?>
<!-- Generated by org.testng.reporters.JUnitReportReporter -->
<testsuite hostname="DESKTOP-MSPM6D0" failures="0" tests="1" name="testCases.TC001_AccountRegistrationTest" time="1.948" errors="0" timestamp="2025-01-26T13:30:47 IST" skipped="0">
  <testcase classname="testCases.TC001_AccountRegistrationTest" name="verify_account_registration" time="1.948"/>
</testsuite> <!-- testCases.TC001_AccountRegistrationTest -->
