<?xml version="1.0" encoding="UTF-8"?>
<!-- Generated by org.testng.reporters.JUnitReportReporter -->
<testsuite hostname="DESKTOP-MSPM6D0" failures="0" tests="1" name="testCases.TC002_LoginTest" time="1.473" errors="0" timestamp="2025-02-03T14:39:18 IST" skipped="0">
  <testcase classname="testCases.TC002_LoginTest" name="verify_Login" time="1.473"/>
</testsuite> <!-- testCases.TC002_LoginTest -->
